2021-08-17 22:56:17.451  INFO 19520 --- [restartedMain] o.d.e.EquityLookUpApplication            : Starting EquityLookUpApplication using Java 11.0.11 on MSI with PID 19520 (C:\Users\davkr\Dev\equitylookup\target\classes started by davkr in C:\Users\davkr\Dev\equitylookup)
2021-08-17 22:56:17.453  INFO 19520 --- [restartedMain] o.d.e.EquityLookUpApplication            : No active profile set, falling back to default profiles: default
2021-08-17 22:56:17.488  INFO 19520 --- [restartedMain] .e.DevToolsPropertyDefaultsPostProcessor : Devtools property defaults active! Set 'spring.devtools.add-properties' to 'false' to disable
2021-08-17 22:56:17.490  INFO 19520 --- [restartedMain] .e.DevToolsPropertyDefaultsPostProcessor : For additional web related logging consider setting the 'logging.level.web' property to 'DEBUG'
2021-08-17 22:56:17.844  INFO 19520 --- [restartedMain] .s.d.r.c.RepositoryConfigurationDelegate : Bootstrapping Spring Data JPA repositories in DEFAULT mode.
2021-08-17 22:56:17.880  INFO 19520 --- [restartedMain] .s.d.r.c.RepositoryConfigurationDelegate : Finished Spring Data repository scanning in 30 ms. Found 3 JPA repository interfaces.
2021-08-17 22:56:18.478  INFO 19520 --- [restartedMain] o.s.b.w.embedded.tomcat.TomcatWebServer  : Tomcat initialized with port(s): 8080 (http)
2021-08-17 22:56:18.484  INFO 19520 --- [restartedMain] o.apache.catalina.core.StandardService   : Starting service [Tomcat]
2021-08-17 22:56:18.485  INFO 19520 --- [restartedMain] org.apache.catalina.core.StandardEngine  : Starting Servlet engine: [Apache Tomcat/9.0.48]
2021-08-17 22:56:18.547  INFO 19520 --- [restartedMain] o.a.c.c.C.[Tomcat].[localhost].[/]       : Initializing Spring embedded WebApplicationContext
2021-08-17 22:56:18.547  INFO 19520 --- [restartedMain] w.s.c.ServletWebServerApplicationContext : Root WebApplicationContext: initialization completed in 1057 ms
2021-08-17 22:56:18.565  INFO 19520 --- [restartedMain] com.zaxxer.hikari.HikariDataSource       : HikariPool-1 - Starting...
2021-08-17 22:56:18.633  INFO 19520 --- [restartedMain] com.zaxxer.hikari.HikariDataSource       : HikariPool-1 - Start completed.
2021-08-17 22:56:18.637  INFO 19520 --- [restartedMain] o.s.b.a.h2.H2ConsoleAutoConfiguration    : H2 console available at '/h2-console'. Database available at 'jdbc:h2:mem:testdb'
2021-08-17 22:56:18.715  INFO 19520 --- [restartedMain] o.hibernate.jpa.internal.util.LogHelper  : HHH000204: Processing PersistenceUnitInfo [name: default]
2021-08-17 22:56:18.742  INFO 19520 --- [restartedMain] org.hibernate.Version                    : HHH000412: Hibernate ORM core version 5.4.32.Final
2021-08-17 22:56:18.802  INFO 19520 --- [restartedMain] o.hibernate.annotations.common.Version   : HCANN000001: Hibernate Commons Annotations {5.1.2.Final}
2021-08-17 22:56:18.856  INFO 19520 --- [restartedMain] org.hibernate.dialect.Dialect            : HHH000400: Using dialect: org.hibernate.dialect.H2Dialect
2021-08-17 22:56:19.227  INFO 19520 --- [restartedMain] o.h.e.t.j.p.i.JtaPlatformInitiator       : HHH000490: Using JtaPlatform implementation: [org.hibernate.engine.transaction.jta.platform.internal.NoJtaPlatform]
2021-08-17 22:56:19.232  INFO 19520 --- [restartedMain] j.LocalContainerEntityManagerFactoryBean : Initialized JPA EntityManagerFactory for persistence unit 'default'
2021-08-17 22:56:19.511  WARN 19520 --- [restartedMain] JpaBaseConfiguration$JpaWebConfiguration : spring.jpa.open-in-view is enabled by default. Therefore, database queries may be performed during view rendering. Explicitly configure spring.jpa.open-in-view to disable this warning
2021-08-17 22:56:19.569  INFO 19520 --- [restartedMain] o.s.s.web.DefaultSecurityFilterChain     : Will secure Ant [pattern='/h2-console/**'] with []
2021-08-17 22:56:19.589  INFO 19520 --- [restartedMain] o.s.s.web.DefaultSecurityFilterChain     : Will secure any request with [org.springframework.security.web.context.request.async.WebAsyncManagerIntegrationFilter@133b0f46, org.springframework.security.web.context.SecurityContextPersistenceFilter@36682ec8, org.springframework.security.web.header.HeaderWriterFilter@14a6871d, org.springframework.security.web.csrf.CsrfFilter@2028450, org.springframework.security.web.authentication.logout.LogoutFilter@1ecd91e9, org.springframework.security.web.authentication.UsernamePasswordAuthenticationFilter@20cadd21, org.springframework.security.web.authentication.ui.DefaultLoginPageGeneratingFilter@3354463, org.springframework.security.web.authentication.ui.DefaultLogoutPageGeneratingFilter@478e7ec6, org.springframework.security.web.savedrequest.RequestCacheAwareFilter@110940eb, org.springframework.security.web.servletapi.SecurityContextHolderAwareRequestFilter@4a919b9b, org.springframework.security.web.authentication.AnonymousAuthenticationFilter@75098deb, org.springframework.security.web.session.SessionManagementFilter@469c5472, org.springframework.security.web.access.ExceptionTranslationFilter@76f20ec9, org.springframework.security.web.access.intercept.FilterSecurityInterceptor@2e5eee07]
2021-08-17 22:56:19.665  INFO 19520 --- [restartedMain] y.quotes.query1v7.QuotesRequest          : Sending request: https://query1.finance.yahoo.com/v7/finance/quote?symbols=GOOG
2021-08-17 22:56:20.003  INFO 19520 --- [restartedMain] y.quotes.query1v7.QuotesRequest          : Sending request: https://query1.finance.yahoo.com/v7/finance/quote?symbols=INTC
2021-08-17 22:56:20.227  INFO 19520 --- [restartedMain] o.s.b.a.w.s.WelcomePageHandlerMapping    : Adding welcome page template: index
2021-08-17 22:56:20.309  INFO 19520 --- [restartedMain] o.s.b.d.a.OptionalLiveReloadServer       : LiveReload server is running on port 35729
2021-08-17 22:56:20.328  INFO 19520 --- [restartedMain] o.s.b.w.embedded.tomcat.TomcatWebServer  : Tomcat started on port(s): 8080 (http) with context path ''
2021-08-17 22:56:20.335  INFO 19520 --- [restartedMain] o.d.e.EquityLookUpApplication            : Started EquityLookUpApplication in 3.184 seconds (JVM running for 3.527)
2021-08-17 22:56:25.697  INFO 19520 --- [http-nio-8080-exec-1] o.a.c.c.C.[Tomcat].[localhost].[/]       : Initializing Spring DispatcherServlet 'dispatcherServlet'
2021-08-17 22:56:25.698  INFO 19520 --- [http-nio-8080-exec-1] o.s.web.servlet.DispatcherServlet        : Initializing Servlet 'dispatcherServlet'
2021-08-17 22:56:25.699  INFO 19520 --- [http-nio-8080-exec-1] o.s.web.servlet.DispatcherServlet        : Completed initialization in 1 ms
2021-08-17 22:56:25.730 ERROR 19520 --- [http-nio-8080-exec-1] o.d.e.controller.IndexController         : Front Page
2021-08-17 22:56:25.730  INFO 19520 --- [http-nio-8080-exec-1] y.quotes.query1v7.QuotesRequest          : Sending request: https://query1.finance.yahoo.com/v7/finance/quote?symbols=GOOG
2021-08-17 22:56:25.916  INFO 19520 --- [http-nio-8080-exec-1] y.quotes.query1v7.QuotesRequest          : Sending request: https://query1.finance.yahoo.com/v7/finance/quote?symbols=INTC
2021-08-17 22:56:25.979  INFO 19520 --- [http-nio-8080-exec-1] y.quotes.query1v7.QuotesRequest          : Sending request: https://query1.finance.yahoo.com/v7/finance/quote?symbols=AAPL
2021-08-17 22:56:26.039  INFO 19520 --- [http-nio-8080-exec-1] y.quotes.query1v7.QuotesRequest          : Sending request: https://query1.finance.yahoo.com/v7/finance/quote?symbols=CSCO
2021-08-17 22:56:26.104  INFO 19520 --- [http-nio-8080-exec-1] y.quotes.query1v7.QuotesRequest          : Sending request: https://query1.finance.yahoo.com/v7/finance/quote?symbols=BABA
2021-08-17 22:56:26.231  INFO 19520 --- [http-nio-8080-exec-1] y.quotes.query1v7.QuotesRequest          : Sending request: https://query1.finance.yahoo.com/v7/finance/quote?symbols=SPOT
2021-08-17 22:56:26.305  INFO 19520 --- [http-nio-8080-exec-1] y.quotes.query1v7.QuotesRequest          : Sending request: https://query1.finance.yahoo.com/v7/finance/quote?symbols=DBX
2021-08-17 22:56:26.373  INFO 19520 --- [http-nio-8080-exec-1] y.quotes.query1v7.QuotesRequest          : Sending request: https://query1.finance.yahoo.com/v7/finance/quote?symbols=ADBE
