2021-08-17 22:43:40.684  INFO 14932 --- [restartedMain] o.d.e.EquityLookUpApplication            : Starting EquityLookUpApplication using Java 11.0.11 on MSI with PID 14932 (C:\Users\davkr\Dev\equitylookup\target\classes started by davkr in C:\Users\davkr\Dev\equitylookup)
2021-08-17 22:43:40.686  INFO 14932 --- [restartedMain] o.d.e.EquityLookUpApplication            : No active profile set, falling back to default profiles: default
2021-08-17 22:43:40.722  INFO 14932 --- [restartedMain] .e.DevToolsPropertyDefaultsPostProcessor : Devtools property defaults active! Set 'spring.devtools.add-properties' to 'false' to disable
2021-08-17 22:43:40.722  INFO 14932 --- [restartedMain] .e.DevToolsPropertyDefaultsPostProcessor : For additional web related logging consider setting the 'logging.level.web' property to 'DEBUG'
2021-08-17 22:43:41.112  INFO 14932 --- [restartedMain] .s.d.r.c.RepositoryConfigurationDelegate : Bootstrapping Spring Data JPA repositories in DEFAULT mode.
2021-08-17 22:43:41.152  INFO 14932 --- [restartedMain] .s.d.r.c.RepositoryConfigurationDelegate : Finished Spring Data repository scanning in 33 ms. Found 3 JPA repository interfaces.
2021-08-17 22:43:41.793  INFO 14932 --- [restartedMain] o.s.b.w.embedded.tomcat.TomcatWebServer  : Tomcat initialized with port(s): 8080 (http)
2021-08-17 22:43:41.803  INFO 14932 --- [restartedMain] o.apache.catalina.core.StandardService   : Starting service [Tomcat]
2021-08-17 22:43:41.803  INFO 14932 --- [restartedMain] org.apache.catalina.core.StandardEngine  : Starting Servlet engine: [Apache Tomcat/9.0.48]
2021-08-17 22:43:41.867  INFO 14932 --- [restartedMain] o.a.c.c.C.[Tomcat].[localhost].[/]       : Initializing Spring embedded WebApplicationContext
2021-08-17 22:43:41.867  INFO 14932 --- [restartedMain] w.s.c.ServletWebServerApplicationContext : Root WebApplicationContext: initialization completed in 1145 ms
2021-08-17 22:43:41.887  INFO 14932 --- [restartedMain] com.zaxxer.hikari.HikariDataSource       : HikariPool-1 - Starting...
2021-08-17 22:43:41.967  INFO 14932 --- [restartedMain] com.zaxxer.hikari.HikariDataSource       : HikariPool-1 - Start completed.
2021-08-17 22:43:41.971  INFO 14932 --- [restartedMain] o.s.b.a.h2.H2ConsoleAutoConfiguration    : H2 console available at '/h2-console'. Database available at 'jdbc:h2:mem:testdb'
2021-08-17 22:43:42.047  INFO 14932 --- [restartedMain] o.hibernate.jpa.internal.util.LogHelper  : HHH000204: Processing PersistenceUnitInfo [name: default]
2021-08-17 22:43:42.081  INFO 14932 --- [restartedMain] org.hibernate.Version                    : HHH000412: Hibernate ORM core version 5.4.32.Final
2021-08-17 22:43:42.176  INFO 14932 --- [restartedMain] o.hibernate.annotations.common.Version   : HCANN000001: Hibernate Commons Annotations {5.1.2.Final}
2021-08-17 22:43:42.244  INFO 14932 --- [restartedMain] org.hibernate.dialect.Dialect            : HHH000400: Using dialect: org.hibernate.dialect.H2Dialect
2021-08-17 22:43:42.689  INFO 14932 --- [restartedMain] o.h.e.t.j.p.i.JtaPlatformInitiator       : HHH000490: Using JtaPlatform implementation: [org.hibernate.engine.transaction.jta.platform.internal.NoJtaPlatform]
2021-08-17 22:43:42.695  INFO 14932 --- [restartedMain] j.LocalContainerEntityManagerFactoryBean : Initialized JPA EntityManagerFactory for persistence unit 'default'
2021-08-17 22:43:42.998  WARN 14932 --- [restartedMain] JpaBaseConfiguration$JpaWebConfiguration : spring.jpa.open-in-view is enabled by default. Therefore, database queries may be performed during view rendering. Explicitly configure spring.jpa.open-in-view to disable this warning
2021-08-17 22:43:43.064  INFO 14932 --- [restartedMain] o.s.s.web.DefaultSecurityFilterChain     : Will secure Ant [pattern='/h2-console/**'] with []
2021-08-17 22:43:43.086  INFO 14932 --- [restartedMain] o.s.s.web.DefaultSecurityFilterChain     : Will secure any request with [org.springframework.security.web.context.request.async.WebAsyncManagerIntegrationFilter@2554f400, org.springframework.security.web.context.SecurityContextPersistenceFilter@60f53311, org.springframework.security.web.header.HeaderWriterFilter@6620f406, org.springframework.security.web.csrf.CsrfFilter@5127a920, org.springframework.security.web.authentication.logout.LogoutFilter@68b66f2a, org.springframework.security.web.authentication.UsernamePasswordAuthenticationFilter@45458893, org.springframework.security.web.authentication.ui.DefaultLoginPageGeneratingFilter@4ceb99d8, org.springframework.security.web.authentication.ui.DefaultLogoutPageGeneratingFilter@5da7806d, org.springframework.security.web.savedrequest.RequestCacheAwareFilter@68185216, org.springframework.security.web.servletapi.SecurityContextHolderAwareRequestFilter@40db558b, org.springframework.security.web.authentication.AnonymousAuthenticationFilter@70b174b3, org.springframework.security.web.session.SessionManagementFilter@2d66e0e2, org.springframework.security.web.access.ExceptionTranslationFilter@3512bdff, org.springframework.security.web.access.intercept.FilterSecurityInterceptor@478e7ec6]
2021-08-17 22:43:43.171  INFO 14932 --- [restartedMain] y.quotes.query1v7.QuotesRequest          : Sending request: https://query1.finance.yahoo.com/v7/finance/quote?symbols=GOOG
2021-08-17 22:43:43.574  INFO 14932 --- [restartedMain] y.quotes.query1v7.QuotesRequest          : Sending request: https://query1.finance.yahoo.com/v7/finance/quote?symbols=INTC
2021-08-17 22:43:43.832  INFO 14932 --- [restartedMain] o.s.b.a.w.s.WelcomePageHandlerMapping    : Adding welcome page template: index
2021-08-17 22:43:43.929  INFO 14932 --- [restartedMain] o.s.b.d.a.OptionalLiveReloadServer       : LiveReload server is running on port 35729
2021-08-17 22:43:43.954  INFO 14932 --- [restartedMain] o.s.b.w.embedded.tomcat.TomcatWebServer  : Tomcat started on port(s): 8080 (http) with context path ''
2021-08-17 22:43:43.960  INFO 14932 --- [restartedMain] o.d.e.EquityLookUpApplication            : Started EquityLookUpApplication in 3.595 seconds (JVM running for 3.936)
2021-08-17 22:43:49.207  INFO 14932 --- [http-nio-8080-exec-1] o.a.c.c.C.[Tomcat].[localhost].[/]       : Initializing Spring DispatcherServlet 'dispatcherServlet'
2021-08-17 22:43:49.207  INFO 14932 --- [http-nio-8080-exec-1] o.s.web.servlet.DispatcherServlet        : Initializing Servlet 'dispatcherServlet'
2021-08-17 22:43:49.208  INFO 14932 --- [http-nio-8080-exec-1] o.s.web.servlet.DispatcherServlet        : Completed initialization in 1 ms
2021-08-17 22:43:49.239  INFO 14932 --- [http-nio-8080-exec-1] y.quotes.query1v7.QuotesRequest          : Sending request: https://query1.finance.yahoo.com/v7/finance/quote?symbols=GOOG
2021-08-17 22:43:49.428  INFO 14932 --- [http-nio-8080-exec-1] y.quotes.query1v7.QuotesRequest          : Sending request: https://query1.finance.yahoo.com/v7/finance/quote?symbols=INTC
2021-08-17 22:43:49.485  INFO 14932 --- [http-nio-8080-exec-1] y.quotes.query1v7.QuotesRequest          : Sending request: https://query1.finance.yahoo.com/v7/finance/quote?symbols=AAPL
2021-08-17 22:43:49.546  INFO 14932 --- [http-nio-8080-exec-1] y.quotes.query1v7.QuotesRequest          : Sending request: https://query1.finance.yahoo.com/v7/finance/quote?symbols=CSCO
2021-08-17 22:43:49.614  INFO 14932 --- [http-nio-8080-exec-1] y.quotes.query1v7.QuotesRequest          : Sending request: https://query1.finance.yahoo.com/v7/finance/quote?symbols=BABA
2021-08-17 22:43:49.677  INFO 14932 --- [http-nio-8080-exec-1] y.quotes.query1v7.QuotesRequest          : Sending request: https://query1.finance.yahoo.com/v7/finance/quote?symbols=SPOT
2021-08-17 22:43:49.754  INFO 14932 --- [http-nio-8080-exec-1] y.quotes.query1v7.QuotesRequest          : Sending request: https://query1.finance.yahoo.com/v7/finance/quote?symbols=DBX
2021-08-17 22:43:49.821  INFO 14932 --- [http-nio-8080-exec-1] y.quotes.query1v7.QuotesRequest          : Sending request: https://query1.finance.yahoo.com/v7/finance/quote?symbols=ADBE
