2021-08-17 22:50:10.488  INFO 9976 --- [restartedMain] o.d.e.EquityLookUpApplication            : Starting EquityLookUpApplication using Java 11.0.11 on MSI with PID 9976 (C:\Users\davkr\Dev\equitylookup\target\classes started by davkr in C:\Users\davkr\Dev\equitylookup)
2021-08-17 22:50:10.490  INFO 9976 --- [restartedMain] o.d.e.EquityLookUpApplication            : No active profile set, falling back to default profiles: default
2021-08-17 22:50:10.521  INFO 9976 --- [restartedMain] .e.DevToolsPropertyDefaultsPostProcessor : Devtools property defaults active! Set 'spring.devtools.add-properties' to 'false' to disable
2021-08-17 22:50:10.521  INFO 9976 --- [restartedMain] .e.DevToolsPropertyDefaultsPostProcessor : For additional web related logging consider setting the 'logging.level.web' property to 'DEBUG'
2021-08-17 22:50:10.860  INFO 9976 --- [restartedMain] .s.d.r.c.RepositoryConfigurationDelegate : Bootstrapping Spring Data JPA repositories in DEFAULT mode.
2021-08-17 22:50:10.895  INFO 9976 --- [restartedMain] .s.d.r.c.RepositoryConfigurationDelegate : Finished Spring Data repository scanning in 29 ms. Found 3 JPA repository interfaces.
2021-08-17 22:50:11.470  INFO 9976 --- [restartedMain] o.s.b.w.embedded.tomcat.TomcatWebServer  : Tomcat initialized with port(s): 8080 (http)
2021-08-17 22:50:11.478  INFO 9976 --- [restartedMain] o.apache.catalina.core.StandardService   : Starting service [Tomcat]
2021-08-17 22:50:11.478  INFO 9976 --- [restartedMain] org.apache.catalina.core.StandardEngine  : Starting Servlet engine: [Apache Tomcat/9.0.48]
2021-08-17 22:50:11.537  INFO 9976 --- [restartedMain] o.a.c.c.C.[Tomcat].[localhost].[/]       : Initializing Spring embedded WebApplicationContext
2021-08-17 22:50:11.537  INFO 9976 --- [restartedMain] w.s.c.ServletWebServerApplicationContext : Root WebApplicationContext: initialization completed in 1014 ms
2021-08-17 22:50:11.555  INFO 9976 --- [restartedMain] com.zaxxer.hikari.HikariDataSource       : HikariPool-1 - Starting...
2021-08-17 22:50:11.620  INFO 9976 --- [restartedMain] com.zaxxer.hikari.HikariDataSource       : HikariPool-1 - Start completed.
2021-08-17 22:50:11.623  INFO 9976 --- [restartedMain] o.s.b.a.h2.H2ConsoleAutoConfiguration    : H2 console available at '/h2-console'. Database available at 'jdbc:h2:mem:testdb'
2021-08-17 22:50:11.690  INFO 9976 --- [restartedMain] o.hibernate.jpa.internal.util.LogHelper  : HHH000204: Processing PersistenceUnitInfo [name: default]
2021-08-17 22:50:11.715  INFO 9976 --- [restartedMain] org.hibernate.Version                    : HHH000412: Hibernate ORM core version 5.4.32.Final
2021-08-17 22:50:11.777  INFO 9976 --- [restartedMain] o.hibernate.annotations.common.Version   : HCANN000001: Hibernate Commons Annotations {5.1.2.Final}
2021-08-17 22:50:11.831  INFO 9976 --- [restartedMain] org.hibernate.dialect.Dialect            : HHH000400: Using dialect: org.hibernate.dialect.H2Dialect
2021-08-17 22:50:12.202  INFO 9976 --- [restartedMain] o.h.e.t.j.p.i.JtaPlatformInitiator       : HHH000490: Using JtaPlatform implementation: [org.hibernate.engine.transaction.jta.platform.internal.NoJtaPlatform]
2021-08-17 22:50:12.207  INFO 9976 --- [restartedMain] j.LocalContainerEntityManagerFactoryBean : Initialized JPA EntityManagerFactory for persistence unit 'default'
2021-08-17 22:50:12.487  WARN 9976 --- [restartedMain] JpaBaseConfiguration$JpaWebConfiguration : spring.jpa.open-in-view is enabled by default. Therefore, database queries may be performed during view rendering. Explicitly configure spring.jpa.open-in-view to disable this warning
2021-08-17 22:50:12.549  INFO 9976 --- [restartedMain] o.s.s.web.DefaultSecurityFilterChain     : Will secure Ant [pattern='/h2-console/**'] with []
2021-08-17 22:50:12.568  INFO 9976 --- [restartedMain] o.s.s.web.DefaultSecurityFilterChain     : Will secure any request with [org.springframework.security.web.context.request.async.WebAsyncManagerIntegrationFilter@683ffd39, org.springframework.security.web.context.SecurityContextPersistenceFilter@68aa43d6, org.springframework.security.web.header.HeaderWriterFilter@250752cf, org.springframework.security.web.csrf.CsrfFilter@ebf09b1, org.springframework.security.web.authentication.logout.LogoutFilter@4d848e72, org.springframework.security.web.authentication.UsernamePasswordAuthenticationFilter@4cc2a7d3, org.springframework.security.web.authentication.ui.DefaultLoginPageGeneratingFilter@20f0a1a4, org.springframework.security.web.authentication.ui.DefaultLogoutPageGeneratingFilter@319a23d2, org.springframework.security.web.savedrequest.RequestCacheAwareFilter@3839b355, org.springframework.security.web.servletapi.SecurityContextHolderAwareRequestFilter@33d10b4, org.springframework.security.web.authentication.AnonymousAuthenticationFilter@3f9f6596, org.springframework.security.web.session.SessionManagementFilter@468bf70d, org.springframework.security.web.access.ExceptionTranslationFilter@72bea384, org.springframework.security.web.access.intercept.FilterSecurityInterceptor@65324ea2]
2021-08-17 22:50:12.643  INFO 9976 --- [restartedMain] y.quotes.query1v7.QuotesRequest          : Sending request: https://query1.finance.yahoo.com/v7/finance/quote?symbols=GOOG
2021-08-17 22:50:13.060  INFO 9976 --- [restartedMain] y.quotes.query1v7.QuotesRequest          : Sending request: https://query1.finance.yahoo.com/v7/finance/quote?symbols=INTC
2021-08-17 22:50:13.269  INFO 9976 --- [restartedMain] o.s.b.a.w.s.WelcomePageHandlerMapping    : Adding welcome page template: index
2021-08-17 22:50:13.351  INFO 9976 --- [restartedMain] o.s.b.d.a.OptionalLiveReloadServer       : LiveReload server is running on port 35729
2021-08-17 22:50:13.370  INFO 9976 --- [restartedMain] o.s.b.w.embedded.tomcat.TomcatWebServer  : Tomcat started on port(s): 8080 (http) with context path ''
2021-08-17 22:50:13.377  INFO 9976 --- [restartedMain] o.d.e.EquityLookUpApplication            : Started EquityLookUpApplication in 3.154 seconds (JVM running for 3.514)
2021-08-17 22:50:17.338  INFO 9976 --- [http-nio-8080-exec-1] o.a.c.c.C.[Tomcat].[localhost].[/]       : Initializing Spring DispatcherServlet 'dispatcherServlet'
2021-08-17 22:50:17.339  INFO 9976 --- [http-nio-8080-exec-1] o.s.web.servlet.DispatcherServlet        : Initializing Servlet 'dispatcherServlet'
2021-08-17 22:50:17.340  INFO 9976 --- [http-nio-8080-exec-1] o.s.web.servlet.DispatcherServlet        : Completed initialization in 1 ms
2021-08-17 22:50:17.369 ERROR 9976 --- [http-nio-8080-exec-1] o.d.e.controller.IndexController         : Front Page
2021-08-17 22:50:17.369  INFO 9976 --- [http-nio-8080-exec-1] y.quotes.query1v7.QuotesRequest          : Sending request: https://query1.finance.yahoo.com/v7/finance/quote?symbols=GOOG
2021-08-17 22:50:17.449  INFO 9976 --- [http-nio-8080-exec-1] y.quotes.query1v7.QuotesRequest          : Sending request: https://query1.finance.yahoo.com/v7/finance/quote?symbols=INTC
2021-08-17 22:50:17.523  INFO 9976 --- [http-nio-8080-exec-1] y.quotes.query1v7.QuotesRequest          : Sending request: https://query1.finance.yahoo.com/v7/finance/quote?symbols=AAPL
2021-08-17 22:50:17.589  INFO 9976 --- [http-nio-8080-exec-1] y.quotes.query1v7.QuotesRequest          : Sending request: https://query1.finance.yahoo.com/v7/finance/quote?symbols=CSCO
2021-08-17 22:50:17.660  INFO 9976 --- [http-nio-8080-exec-1] y.quotes.query1v7.QuotesRequest          : Sending request: https://query1.finance.yahoo.com/v7/finance/quote?symbols=BABA
2021-08-17 22:50:17.728  INFO 9976 --- [http-nio-8080-exec-1] y.quotes.query1v7.QuotesRequest          : Sending request: https://query1.finance.yahoo.com/v7/finance/quote?symbols=SPOT
2021-08-17 22:50:17.801  INFO 9976 --- [http-nio-8080-exec-1] y.quotes.query1v7.QuotesRequest          : Sending request: https://query1.finance.yahoo.com/v7/finance/quote?symbols=DBX
2021-08-17 22:50:17.865  INFO 9976 --- [http-nio-8080-exec-1] y.quotes.query1v7.QuotesRequest          : Sending request: https://query1.finance.yahoo.com/v7/finance/quote?symbols=ADBE
